;  LST file generated by mikroListExporter - v.2.0 
; Date/Time: 01/08/2023 3:32:54 pm
;----------------------------------------------

;Address Opcode 	ASM
0x0000	0x28CB      	GOTO       203
_intsec:
;code of traffic.c,8 :: 		void intsec() // to use for manual mode in sec
;code of traffic.c,10 :: 		portc.B4 = 1; // yellow 2 on
0x0003	0x1283      	BCF        STATUS, 5
0x0004	0x1303      	BCF        STATUS, 6
0x0005	0x1607      	BSF        PORTC, 4
;code of traffic.c,11 :: 		portc.b5 = 0; // grren 2  off
0x0006	0x1287      	BCF        PORTC, 5
;code of traffic.c,12 :: 		delay_ms(3000); // delay by 3 sec
0x0007	0x301F      	MOVLW      31
0x0008	0x00FB      	MOVWF      R11
0x0009	0x3071      	MOVLW      113
0x000A	0x00FC      	MOVWF      R12
0x000B	0x301E      	MOVLW      30
0x000C	0x00FD      	MOVWF      R13
L_intsec0:
0x000D	0x0BFD      	DECFSZ     R13, 1
0x000E	0x280D      	GOTO       L_intsec0
0x000F	0x0BFC      	DECFSZ     R12, 1
0x0010	0x280D      	GOTO       L_intsec0
0x0011	0x0BFB      	DECFSZ     R11, 1
0x0012	0x280D      	GOTO       L_intsec0
0x0013	0x0000      	NOP
;code of traffic.c,13 :: 		portc.b4 = 0;  // yellow 2 off
0x0014	0x1207      	BCF        PORTC, 4
;code of traffic.c,14 :: 		portc.B3 = 1;  // red 2  on
0x0015	0x1587      	BSF        PORTC, 3
;code of traffic.c,15 :: 		portc.b0 = 0; // red 1 off
0x0016	0x1007      	BCF        PORTC, 0
;code of traffic.c,16 :: 		portc.b2 = 1; // green 1 on
0x0017	0x1507      	BSF        PORTC, 2
;code of traffic.c,17 :: 		}
L_end_intsec:
0x0018	0x0008      	RETURN
; end of _intsec
_intone:
;code of traffic.c,3 :: 		void intone() // to use for manual mode in first
;code of traffic.c,5 :: 		portc.B5 = 1;  // green 1 on
0x0019	0x1283      	BCF        STATUS, 5
0x001A	0x1303      	BCF        STATUS, 6
0x001B	0x1687      	BSF        PORTC, 5
;code of traffic.c,6 :: 		portc.b0 = 1; // red 1 on
0x001C	0x1407      	BSF        PORTC, 0
;code of traffic.c,7 :: 		}
L_end_intone:
0x001D	0x0008      	RETURN
; end of _intone
_actint:
;code of traffic.c,18 :: 		void actint()
;code of traffic.c,20 :: 		porta = 0; // 7 seg. dispaly off
0x001E	0x1283      	BCF        STATUS, 5
0x001F	0x1303      	BCF        STATUS, 6
0x0020	0x0185      	CLRF       PORTA
;code of traffic.c,21 :: 		while(!portb.b1)  intone();
L_actint1:
0x0021	0x1886      	BTFSC      PORTB, 1
0x0022	0x2825      	GOTO       L_actint2
0x0023	0x2019      	CALL       _intone
0x0024	0x2821      	GOTO       L_actint1
L_actint2:
;code of traffic.c,22 :: 		indicator = 1;
0x0025	0x3001      	MOVLW      1
0x0026	0x00B8      	MOVWF      _indicator
;code of traffic.c,23 :: 		while(portb.b0)
L_actint3:
0x0027	0x1C06      	BTFSS      PORTB, 0
0x0028	0x2853      	GOTO       L_actint4
;code of traffic.c,25 :: 		while(portb.b1 && portb.b0)
L_actint5:
0x0029	0x1C86      	BTFSS      PORTB, 1
0x002A	0x2835      	GOTO       L_actint6
0x002B	0x1C06      	BTFSS      PORTB, 0
0x002C	0x2835      	GOTO       L_actint6
L__actint34:
;code of traffic.c,26 :: 		if( indicator == 1)
0x002D	0x0838      	MOVF       _indicator, 0
0x002E	0x3A01      	XORLW      1
0x002F	0x1D03      	BTFSS      STATUS, 2
0x0030	0x2834      	GOTO       L_actint9
;code of traffic.c,28 :: 		intsec();
0x0031	0x2003      	CALL       _intsec
;code of traffic.c,29 :: 		indicator = 2;
0x0032	0x3002      	MOVLW      2
0x0033	0x00B8      	MOVWF      _indicator
;code of traffic.c,30 :: 		}
L_actint9:
0x0034	0x2829      	GOTO       L_actint5
L_actint6:
;code of traffic.c,31 :: 		while(!portb.b1 && portb.b0)
L_actint10:
0x0035	0x1886      	BTFSC      PORTB, 1
0x0036	0x2852      	GOTO       L_actint11
0x0037	0x1C06      	BTFSS      PORTB, 0
0x0038	0x2852      	GOTO       L_actint11
L__actint33:
;code of traffic.c,32 :: 		if( indicator == 2 )
0x0039	0x0838      	MOVF       _indicator, 0
0x003A	0x3A02      	XORLW      2
0x003B	0x1D03      	BTFSS      STATUS, 2
0x003C	0x2851      	GOTO       L_actint14
;code of traffic.c,34 :: 		portc.b2 = 0;portc.b1 = 1;
0x003D	0x1107      	BCF        PORTC, 2
0x003E	0x1487      	BSF        PORTC, 1
;code of traffic.c,35 :: 		delay_ms(3000);
0x003F	0x301F      	MOVLW      31
0x0040	0x00FB      	MOVWF      R11
0x0041	0x3071      	MOVLW      113
0x0042	0x00FC      	MOVWF      R12
0x0043	0x301E      	MOVLW      30
0x0044	0x00FD      	MOVWF      R13
L_actint15:
0x0045	0x0BFD      	DECFSZ     R13, 1
0x0046	0x2845      	GOTO       L_actint15
0x0047	0x0BFC      	DECFSZ     R12, 1
0x0048	0x2845      	GOTO       L_actint15
0x0049	0x0BFB      	DECFSZ     R11, 1
0x004A	0x2845      	GOTO       L_actint15
0x004B	0x0000      	NOP
;code of traffic.c,36 :: 		portc.b1 = 0;
0x004C	0x1087      	BCF        PORTC, 1
;code of traffic.c,37 :: 		portc.b3 = 0;
0x004D	0x1187      	BCF        PORTC, 3
;code of traffic.c,38 :: 		intone();
0x004E	0x2019      	CALL       _intone
;code of traffic.c,39 :: 		indicator = 1;
0x004F	0x3001      	MOVLW      1
0x0050	0x00B8      	MOVWF      _indicator
;code of traffic.c,40 :: 		}
L_actint14:
0x0051	0x2835      	GOTO       L_actint10
L_actint11:
;code of traffic.c,41 :: 		}
0x0052	0x2827      	GOTO       L_actint3
L_actint4:
;code of traffic.c,42 :: 		portc = 0;
0x0053	0x0187      	CLRF       PORTC
;code of traffic.c,43 :: 		porta = 15 ;
0x0054	0x300F      	MOVLW      15
0x0055	0x0085      	MOVWF      PORTA
;code of traffic.c,44 :: 		}
L_end_actint:
0x0056	0x0008      	RETURN
; end of _actint
_checkandint:
;code of traffic.c,45 :: 		void checkandint()
;code of traffic.c,47 :: 		for(i = 0 ; i < 5 ; i++)
0x0057	0x1283      	BCF        STATUS, 5
0x0058	0x1303      	BCF        STATUS, 6
0x0059	0x01A0      	CLRF       _i
L_checkandint16:
0x005A	0x3005      	MOVLW      5
0x005B	0x0220      	SUBWF      _i, 0
0x005C	0x1803      	BTFSC      STATUS, 0
0x005D	0x2870      	GOTO       L_checkandint17
;code of traffic.c,49 :: 		delay_ms(200);
0x005E	0x3003      	MOVLW      3
0x005F	0x00FB      	MOVWF      R11
0x0060	0x3008      	MOVLW      8
0x0061	0x00FC      	MOVWF      R12
0x0062	0x3077      	MOVLW      119
0x0063	0x00FD      	MOVWF      R13
L_checkandint19:
0x0064	0x0BFD      	DECFSZ     R13, 1
0x0065	0x2864      	GOTO       L_checkandint19
0x0066	0x0BFC      	DECFSZ     R12, 1
0x0067	0x2864      	GOTO       L_checkandint19
0x0068	0x0BFB      	DECFSZ     R11, 1
0x0069	0x2864      	GOTO       L_checkandint19
;code of traffic.c,50 :: 		if(portb.b0 == 1)
0x006A	0x1C06      	BTFSS      PORTB, 0
0x006B	0x286E      	GOTO       L_checkandint20
;code of traffic.c,52 :: 		actint();
0x006C	0x201E      	CALL       _actint
;code of traffic.c,53 :: 		return;
0x006D	0x2870      	GOTO       L_end_checkandint
;code of traffic.c,54 :: 		}
L_checkandint20:
;code of traffic.c,47 :: 		for(i = 0 ; i < 5 ; i++)
0x006E	0x0AA0      	INCF       _i, 1
;code of traffic.c,55 :: 		}
0x006F	0x285A      	GOTO       L_checkandint16
L_checkandint17:
;code of traffic.c,56 :: 		}
L_end_checkandint:
0x0070	0x0008      	RETURN
; end of _checkandint
_one:
;code of traffic.c,57 :: 		void one()
;code of traffic.c,59 :: 		for(x = 0; x < 23 ; x++)
0x0071	0x1283      	BCF        STATUS, 5
0x0072	0x1303      	BCF        STATUS, 6
0x0073	0x01B9      	CLRF       _x
L_one21:
0x0074	0x3017      	MOVLW      23
0x0075	0x0239      	SUBWF      _x, 0
0x0076	0x1803      	BTFSC      STATUS, 0
0x0077	0x288C      	GOTO       L_one22
;code of traffic.c,60 :: 		{ portd = terms[x];
0x0078	0x0839      	MOVF       _x, 0
0x0079	0x3E21      	ADDLW      _terms
0x007A	0x0084      	MOVWF      FSR
0x007B	0x0800      	MOVF       INDF, 0
0x007C	0x0088      	MOVWF      PORTD
;code of traffic.c,61 :: 		if(x < 19)
0x007D	0x3013      	MOVLW      19
0x007E	0x0239      	SUBWF      _x, 0
0x007F	0x1803      	BTFSC      STATUS, 0
0x0080	0x2883      	GOTO       L_one24
;code of traffic.c,63 :: 		portc.B5 = 1;
0x0081	0x1687      	BSF        PORTC, 5
;code of traffic.c,64 :: 		portc.b0 = 1;
0x0082	0x1407      	BSF        PORTC, 0
;code of traffic.c,65 :: 		}
L_one24:
;code of traffic.c,66 :: 		if(x >= 19)
0x0083	0x3013      	MOVLW      19
0x0084	0x0239      	SUBWF      _x, 0
0x0085	0x1C03      	BTFSS      STATUS, 0
0x0086	0x2889      	GOTO       L_one25
;code of traffic.c,68 :: 		portc.B5 = 0;
0x0087	0x1287      	BCF        PORTC, 5
;code of traffic.c,69 :: 		portc.b4 = 1;
0x0088	0x1607      	BSF        PORTC, 4
;code of traffic.c,70 :: 		}
L_one25:
;code of traffic.c,71 :: 		checkandint();
0x0089	0x2057      	CALL       _checkandint
;code of traffic.c,59 :: 		for(x = 0; x < 23 ; x++)
0x008A	0x0AB9      	INCF       _x, 1
;code of traffic.c,72 :: 		}
0x008B	0x2874      	GOTO       L_one21
L_one22:
;code of traffic.c,73 :: 		}
L_end_one:
0x008C	0x0008      	RETURN
; end of _one
_____DoICP:
;__Lib_System.c,6 :: 		
;__Lib_System.c,9 :: 		
0x008D	0x1283      	BCF        STATUS, 5
0x008E	0x1303      	BCF        STATUS, 6
0x008F	0x083B      	MOVF       ___DoICPAddr+1, 0
0x0090	0x008A      	MOVWF      PCLATH
;__Lib_System.c,10 :: 		
0x0091	0x083A      	MOVF       ___DoICPAddr, 0
0x0092	0x0082      	MOVWF      PCL
;__Lib_System.c,12 :: 		
L_end_____DoICP:
0x0093	0x0008      	RETURN
; end of _____DoICP
_second:
;code of traffic.c,74 :: 		void second ()
;code of traffic.c,76 :: 		for(x = 0 ; x <15 ; x++ )
0x0094	0x1283      	BCF        STATUS, 5
0x0095	0x1303      	BCF        STATUS, 6
0x0096	0x01B9      	CLRF       _x
L_second26:
0x0097	0x300F      	MOVLW      15
0x0098	0x0239      	SUBWF      _x, 0
0x0099	0x1803      	BTFSC      STATUS, 0
0x009A	0x28B5      	GOTO       L_second27
;code of traffic.c,77 :: 		{  portd = terms[x  + 8];
0x009B	0x3008      	MOVLW      8
0x009C	0x0739      	ADDWF      _x, 0
0x009D	0x00F0      	MOVWF      R0
0x009E	0x01F1      	CLRF       R0+1
0x009F	0x1803      	BTFSC      STATUS, 0
0x00A0	0x0AF1      	INCF       R0+1, 1
0x00A1	0x0870      	MOVF       R0, 0
0x00A2	0x3E21      	ADDLW      _terms
0x00A3	0x0084      	MOVWF      FSR
0x00A4	0x0800      	MOVF       INDF, 0
0x00A5	0x0088      	MOVWF      PORTD
;code of traffic.c,78 :: 		if(x < 3)
0x00A6	0x3003      	MOVLW      3
0x00A7	0x0239      	SUBWF      _x, 0
0x00A8	0x1803      	BTFSC      STATUS, 0
0x00A9	0x28AC      	GOTO       L_second29
;code of traffic.c,80 :: 		portc.B1 = 1;
0x00AA	0x1487      	BSF        PORTC, 1
;code of traffic.c,81 :: 		portc.b3 = 1;
0x00AB	0x1587      	BSF        PORTC, 3
;code of traffic.c,82 :: 		}
L_second29:
;code of traffic.c,83 :: 		if(x >= 3)
0x00AC	0x3003      	MOVLW      3
0x00AD	0x0239      	SUBWF      _x, 0
0x00AE	0x1C03      	BTFSS      STATUS, 0
0x00AF	0x28B2      	GOTO       L_second30
;code of traffic.c,85 :: 		portc.B1 = 0;
0x00B0	0x1087      	BCF        PORTC, 1
;code of traffic.c,86 :: 		portc.b2 = 1;
0x00B1	0x1507      	BSF        PORTC, 2
;code of traffic.c,87 :: 		}
L_second30:
;code of traffic.c,88 :: 		checkandint();
0x00B2	0x2057      	CALL       _checkandint
;code of traffic.c,76 :: 		for(x = 0 ; x <15 ; x++ )
0x00B3	0x0AB9      	INCF       _x, 1
;code of traffic.c,89 :: 		}
0x00B4	0x2897      	GOTO       L_second26
L_second27:
;code of traffic.c,90 :: 		}
L_end_second:
0x00B5	0x0008      	RETURN
; end of _second
_operation:
;code of traffic.c,91 :: 		void operation()
;code of traffic.c,93 :: 		one();
0x00B6	0x2071      	CALL       _one
;code of traffic.c,94 :: 		portc.b0 = 0;
0x00B7	0x1007      	BCF        PORTC, 0
;code of traffic.c,95 :: 		portc.b4 = 0;
0x00B8	0x1207      	BCF        PORTC, 4
;code of traffic.c,96 :: 		portc.b5 = 0;
0x00B9	0x1287      	BCF        PORTC, 5
;code of traffic.c,97 :: 		second();
0x00BA	0x2094      	CALL       _second
;code of traffic.c,98 :: 		portc.b3 = 0;
0x00BB	0x1187      	BCF        PORTC, 3
;code of traffic.c,99 :: 		portc.b2 = 0;
0x00BC	0x1107      	BCF        PORTC, 2
;code of traffic.c,100 :: 		portc.b1 = 0;
0x00BD	0x1087      	BCF        PORTC, 1
;code of traffic.c,101 :: 		}
L_end_operation:
0x00BE	0x0008      	RETURN
; end of _operation
___CC2DW:
;__Lib_System.c,134 :: 		
;__Lib_System.c,137 :: 		
_CC2D_Loop1:
;__Lib_System.c,139 :: 		
0x00BF	0x208D      	CALL       _____DoICP
0x00C0	0x118A      	BCF        PCLATH, 3
0x00C1	0x120A      	BCF        PCLATH, 4
;__Lib_System.c,141 :: 		
0x00C2	0x0080      	MOVWF      INDF
;__Lib_System.c,142 :: 		
0x00C3	0x0A84      	INCF       FSR, 1
;__Lib_System.c,143 :: 		
0x00C4	0x0ABA      	INCF       ___DoICPAddr, 1
;__Lib_System.c,145 :: 		
0x00C5	0x1903      	BTFSC      STATUS, 2
;__Lib_System.c,146 :: 		
0x00C6	0x0ABB      	INCF       ___DoICPAddr+1, 1
;__Lib_System.c,147 :: 		
0x00C7	0x03F0      	DECF       R0, 1
;__Lib_System.c,149 :: 		
0x00C8	0x1D03      	BTFSS      STATUS, 2
;__Lib_System.c,150 :: 		
0x00C9	0x28BF      	GOTO       _CC2D_Loop1
;__Lib_System.c,152 :: 		
L_end___CC2DW:
0x00CA	0x0008      	RETURN
; end of ___CC2DW
_main:
0x00CB	0x1283      	BCF        STATUS, 5
0x00CC	0x1303      	BCF        STATUS, 6
0x00CD	0x01A0      	CLRF       _i
0x00CE	0x3023      	MOVLW      35
0x00CF	0x00A1      	MOVWF      _terms
0x00D0	0x3022      	MOVLW      34
0x00D1	0x00A2      	MOVWF      34
0x00D2	0x3021      	MOVLW      33
0x00D3	0x00A3      	MOVWF      35
0x00D4	0x3020      	MOVLW      32
0x00D5	0x00A4      	MOVWF      36
0x00D6	0x3019      	MOVLW      25
0x00D7	0x00A5      	MOVWF      37
0x00D8	0x3018      	MOVLW      24
0x00D9	0x00A6      	MOVWF      38
0x00DA	0x3017      	MOVLW      23
0x00DB	0x00A7      	MOVWF      39
0x00DC	0x3016      	MOVLW      22
0x00DD	0x00A8      	MOVWF      40
0x00DE	0x3015      	MOVLW      21
0x00DF	0x00A9      	MOVWF      41
0x00E0	0x3014      	MOVLW      20
0x00E1	0x00AA      	MOVWF      42
0x00E2	0x3013      	MOVLW      19
0x00E3	0x00AB      	MOVWF      43
0x00E4	0x3012      	MOVLW      18
0x00E5	0x00AC      	MOVWF      44
0x00E6	0x3011      	MOVLW      17
0x00E7	0x00AD      	MOVWF      45
0x00E8	0x3010      	MOVLW      16
0x00E9	0x00AE      	MOVWF      46
0x00EA	0x3009      	MOVLW      9
0x00EB	0x00AF      	MOVWF      47
0x00EC	0x3008      	MOVLW      8
0x00ED	0x00B0      	MOVWF      48
0x00EE	0x3007      	MOVLW      7
0x00EF	0x00B1      	MOVWF      49
0x00F0	0x3006      	MOVLW      6
0x00F1	0x00B2      	MOVWF      50
0x00F2	0x3005      	MOVLW      5
0x00F3	0x00B3      	MOVWF      51
0x00F4	0x3004      	MOVLW      4
0x00F5	0x00B4      	MOVWF      52
0x00F6	0x3003      	MOVLW      3
0x00F7	0x00B5      	MOVWF      53
0x00F8	0x3002      	MOVLW      2
0x00F9	0x00B6      	MOVWF      54
0x00FA	0x3001      	MOVLW      1
0x00FB	0x00B7      	MOVWF      55
0x00FC	0x3001      	MOVLW      1
0x00FD	0x00B8      	MOVWF      _indicator
;code of traffic.c,102 :: 		void main() {
;code of traffic.c,104 :: 		ADCON0 = 1;
0x00FE	0x3001      	MOVLW      1
0x00FF	0x009F      	MOVWF      ADCON0
;code of traffic.c,105 :: 		trisc = 0;
0x0100	0x1683      	BSF        STATUS, 5
0x0101	0x0187      	CLRF       TRISC
;code of traffic.c,106 :: 		portc = 0;
0x0102	0x1283      	BCF        STATUS, 5
0x0103	0x0187      	CLRF       PORTC
;code of traffic.c,107 :: 		trisd = 0;
0x0104	0x1683      	BSF        STATUS, 5
0x0105	0x0188      	CLRF       TRISD
;code of traffic.c,108 :: 		portd = 0;
0x0106	0x1283      	BCF        STATUS, 5
0x0107	0x0188      	CLRF       PORTD
;code of traffic.c,109 :: 		trisa = 0;
0x0108	0x1683      	BSF        STATUS, 5
0x0109	0x0185      	CLRF       TRISA
;code of traffic.c,110 :: 		porta = 15;
0x010A	0x300F      	MOVLW      15
0x010B	0x1283      	BCF        STATUS, 5
0x010C	0x0085      	MOVWF      PORTA
;code of traffic.c,111 :: 		trisb = 2;
0x010D	0x3002      	MOVLW      2
0x010E	0x1683      	BSF        STATUS, 5
0x010F	0x0086      	MOVWF      TRISB
;code of traffic.c,112 :: 		while(1)
L_main31:
;code of traffic.c,114 :: 		operation();
0x0110	0x20B6      	CALL       _operation
;code of traffic.c,115 :: 		}
0x0111	0x2910      	GOTO       L_main31
;code of traffic.c,116 :: 		}
L_end_main:
0x0112	0x2912      	GOTO       $+0
; end of _main
Symbol List:
//** Routines locations **
//ADDRESS    SIZE    PROCEDURE
//----------------------------------------------
0x0003      [22]    _intsec
0x0019       [5]    _intone
0x001E      [57]    _actint
0x0057      [26]    _checkandint
0x0071      [28]    _one
0x008D       [7]    _____DoICP
0x0094      [34]    _second
0x00B6       [9]    _operation
0x00BF      [12]    ___CC2DW
0x00CB      [72]    _main
//** Variables locations ** 
//ADDRESS    SIZE    VARIABLE
//----------------------------------------------
0x0000       [1]    INDF
0x0002       [1]    PCL
0x0003       [1]    STATUS
0x0004       [1]    FSR
0x0005       [1]    PORTA
0x0006       [1]    PORTB
0x0007       [1]    PORTC
0x0008       [1]    PORTD
0x000A       [1]    PCLATH
0x001F       [1]    ADCON0
0x0020       [1]    _i
0x0021      [23]    _terms
0x0038       [1]    _indicator
0x0039       [1]    _x
0x003A       [2]    ___DoICPAddr
0x0070       [1]    R0
0x0071       [1]    R1
0x0072       [1]    R2
0x0073       [1]    R3
0x0074       [1]    R4
0x0075       [1]    R5
0x0076       [1]    R6
0x0077       [1]    R7
0x0078       [1]    R8
0x0079       [1]    R9
0x007A       [1]    R10
0x007B       [1]    R11
0x007C       [1]    R12
0x007D       [1]    R13
0x007E       [1]    R14
0x007F       [1]    R15
0x0085       [1]    TRISA
0x0086       [1]    TRISB
0x0087       [1]    TRISC
0x0088       [1]    TRISD
//** Label List: ** 
//----------------------------------------------
  L_intsec0
  L_actint1
  L_actint2
  L_actint3
  L_actint4
  L_actint5
  L_actint6
  L_actint7
  L_actint8
  L_actint9
  L_actint10
  L_actint11
  L_actint12
  L_actint13
  L_actint14
  L_actint15
  L_checkandint16
  L_checkandint17
  L_checkandint18
  L_checkandint19
  L_checkandint20
  L_one21
  L_one22
  L_one23
  L_one24
  L_one25
  L_second26
  L_second27
  L_second28
  L_second29
  L_second30
  L_main31
  L_main32
  L__actint33
  L__actint34
  L_end_intone
  _intone
  L_end_intsec
  _intsec
  L_end_actint
  _actint
  L_end_checkandint
  _checkandint
  L_end_one
  _one
  L_end_second
  _second
  L_end_operation
  _operation
  L_end_main
  _main
  L_loopCA2AWs
  L_CA2AWend
  _CCA2AW_Loop1
  L_loopCS2Ss
  L_CS2Send
  _CCS2S_Loop1
  L_CCS2Send
  L_loopFZinSWs
  L_FZinSend
  _CC2D_Loop1
  L_end_____DoICP
  _____DoICP
  L_end_____DoIFC
  _____DoIFC
  L_end___CA2AW
  ___CA2AW
  L_end___CCA2AW
  ___CCA2AW
  L_end___CS2S
  ___CS2S
  L_end___CCS2S
  ___CCS2S
  L_end___FZinS
  ___FZinS
  L_end___CC2DW
  ___CC2DW
  L_end_Swap
  _Swap
